  main.cpp
D:\c++\Code\MyServer\Myserver\Myserver\main.cpp(6,10): fatal error C1083: 无法打开包括文件: “iconv.h”: No such file or directory
  XTcp.cpp
C:\Program Files (x86)\Windows Kits\10\Include\10.0.19041.0\shared\ws2def.h(103,1): warning C4005: “AF_IPX”: 宏重定义
C:\Program Files (x86)\Windows Kits\10\Include\10.0.19041.0\um\winsock.h(457): message : 参见“AF_IPX”的前一个定义
C:\Program Files (x86)\Windows Kits\10\Include\10.0.19041.0\shared\ws2def.h(147,1): warning C4005: “AF_MAX”: 宏重定义
C:\Program Files (x86)\Windows Kits\10\Include\10.0.19041.0\um\winsock.h(476): message : 参见“AF_MAX”的前一个定义
C:\Program Files (x86)\Windows Kits\10\Include\10.0.19041.0\shared\ws2def.h(187,1): warning C4005: “SO_DONTLINGER”: 宏重定义
C:\Program Files (x86)\Windows Kits\10\Include\10.0.19041.0\um\winsock.h(399): message : 参见“SO_DONTLINGER”的前一个定义
C:\Program Files (x86)\Windows Kits\10\Include\10.0.19041.0\shared\ws2def.h(240,25): error C2011: “sockaddr”:“struct”类型重定义
C:\Program Files (x86)\Windows Kits\10\Include\10.0.19041.0\um\winsock.h(482): message : 参见“sockaddr”的声明
C:\Program Files (x86)\Windows Kits\10\Include\10.0.19041.0\shared\ws2def.h(442,5): error C2143: 语法错误: 缺少“}”(在“常数”的前面)
C:\Program Files (x86)\Windows Kits\10\Include\10.0.19041.0\shared\ws2def.h(442,5): error C2059: 语法错误:“常数”
C:\Program Files (x86)\Windows Kits\10\Include\10.0.19041.0\shared\ws2def.h(496,1): error C2143: 语法错误: 缺少“;”(在“}”的前面)
C:\Program Files (x86)\Windows Kits\10\Include\10.0.19041.0\shared\ws2def.h(496,10): error C4430: 缺少类型说明符 - 假定为 int。注意: C++ 不支持默认 int
C:\Program Files (x86)\Windows Kits\10\Include\10.0.19041.0\shared\ws2def.h(496,20): error C4430: 缺少类型说明符 - 假定为 int。注意: C++ 不支持默认 int
C:\Program Files (x86)\Windows Kits\10\Include\10.0.19041.0\shared\ws2def.h(577,1): warning C4005: “IN_CLASSA”: 宏重定义
C:\Program Files (x86)\Windows Kits\10\Include\10.0.19041.0\um\winsock.h(284): message : 参见“IN_CLASSA”的前一个定义
C:\Program Files (x86)\Windows Kits\10\Include\10.0.19041.0\shared\ws2def.h(583,1): warning C4005: “IN_CLASSB”: 宏重定义
C:\Program Files (x86)\Windows Kits\10\Include\10.0.19041.0\um\winsock.h(290): message : 参见“IN_CLASSB”的前一个定义
C:\Program Files (x86)\Windows Kits\10\Include\10.0.19041.0\shared\ws2def.h(589,1): warning C4005: “IN_CLASSC”: 宏重定义
C:\Program Files (x86)\Windows Kits\10\Include\10.0.19041.0\um\winsock.h(296): message : 参见“IN_CLASSC”的前一个定义
C:\Program Files (x86)\Windows Kits\10\Include\10.0.19041.0\shared\ws2def.h(600,1): warning C4005: “INADDR_ANY”: 宏重定义
C:\Program Files (x86)\Windows Kits\10\Include\10.0.19041.0\um\winsock.h(301): message : 参见“INADDR_ANY”的前一个定义
C:\Program Files (x86)\Windows Kits\10\Include\10.0.19041.0\shared\ws2def.h(602,1): warning C4005: “INADDR_BROADCAST”: 宏重定义
C:\Program Files (x86)\Windows Kits\10\Include\10.0.19041.0\um\winsock.h(303): message : 参见“INADDR_BROADCAST”的前一个定义
C:\Program Files (x86)\Windows Kits\10\Include\10.0.19041.0\shared\ws2def.h(638,28): error C2011: “sockaddr_in”:“struct”类型重定义
C:\Program Files (x86)\Windows Kits\10\Include\10.0.19041.0\um\winsock.h(309): message : 参见“sockaddr_in”的声明
C:\Program Files (x86)\Windows Kits\10\Include\10.0.19041.0\um\winsock2.h(136,23): error C2011: “fd_set”:“struct”类型重定义
C:\Program Files (x86)\Windows Kits\10\Include\10.0.19041.0\um\winsock.h(65): message : 参见“fd_set”的声明
C:\Program Files (x86)\Windows Kits\10\Include\10.0.19041.0\um\winsock2.h(156,1): warning C4005: “FD_CLR”: 宏重定义
C:\Program Files (x86)\Windows Kits\10\Include\10.0.19041.0\um\winsock.h(94): message : 参见“FD_CLR”的前一个定义
C:\Program Files (x86)\Windows Kits\10\Include\10.0.19041.0\um\winsock2.h(171,1): warning C4005: “FD_SET”: 宏重定义
C:\Program Files (x86)\Windows Kits\10\Include\10.0.19041.0\um\winsock.h(99): message : 参见“FD_SET”的前一个定义
C:\Program Files (x86)\Windows Kits\10\Include\10.0.19041.0\um\winsock2.h(180,16): error C2011: “timeval”:“struct”类型重定义
C:\Program Files (x86)\Windows Kits\10\Include\10.0.19041.0\um\winsock.h(108): message : 参见“timeval”的声明
C:\Program Files (x86)\Windows Kits\10\Include\10.0.19041.0\um\winsock2.h(236,17): error C2011: “hostent”:“struct”类型重定义
C:\Program Files (x86)\Windows Kits\10\Include\10.0.19041.0\um\winsock.h(164): message : 参见“hostent”的声明
C:\Program Files (x86)\Windows Kits\10\Include\10.0.19041.0\um\winsock2.h(249,16): error C2011: “netent”:“struct”类型重定义
C:\Program Files (x86)\Windows Kits\10\Include\10.0.19041.0\um\winsock.h(177): message : 参见“netent”的声明
C:\Program Files (x86)\Windows Kits\10\Include\10.0.19041.0\um\winsock2.h(256,17): error C2011: “servent”:“struct”类型重定义
C:\Program Files (x86)\Windows Kits\10\Include\10.0.19041.0\um\winsock.h(184): message : 参见“servent”的声明
C:\Program Files (x86)\Windows Kits\10\Include\10.0.19041.0\um\winsock2.h(268,18): error C2011: “protoent”:“struct”类型重定义
C:\Program Files (x86)\Windows Kits\10\Include\10.0.19041.0\um\winsock.h(196): message : 参见“protoent”的声明
C:\Program Files (x86)\Windows Kits\10\Include\10.0.19041.0\um\winsock2.h(364,24): error C2011: “WSAData”:“struct”类型重定义
C:\Program Files (x86)\Windows Kits\10\Include\10.0.19041.0\um\winsock.h(319): message : 参见“WSAData”的声明
C:\Program Files (x86)\Windows Kits\10\Include\10.0.19041.0\um\winsock2.h(462,18): error C2011: “sockproto”:“struct”类型重定义
C:\Program Files (x86)\Windows Kits\10\Include\10.0.19041.0\um\winsock.h(491): message : 参见“sockproto”的声明
C:\Program Files (x86)\Windows Kits\10\Include\10.0.19041.0\um\winsock2.h(504,16): error C2011: “linger”:“struct”类型重定义
C:\Program Files (x86)\Windows Kits\10\Include\10.0.19041.0\um\winsock.h(528): message : 参见“linger”的声明
C:\Program Files (x86)\Windows Kits\10\Include\10.0.19041.0\um\winsock2.h(517,1): warning C4005: “SOMAXCONN”: 宏重定义
C:\Program Files (x86)\Windows Kits\10\Include\10.0.19041.0\um\winsock.h(541): message : 参见“SOMAXCONN”的前一个定义
C:\Program Files (x86)\Windows Kits\10\Include\10.0.19041.0\um\winsock2.h(552,1): warning C4005: “FD_READ”: 宏重定义
C:\Program Files (x86)\Windows Kits\10\Include\10.0.19041.0\um\winsock.h(559): message : 参见“FD_READ”的前一个定义
C:\Program Files (x86)\Windows Kits\10\Include\10.0.19041.0\um\winsock2.h(555,1): warning C4005: “FD_WRITE”: 宏重定义
C:\Program Files (x86)\Windows Kits\10\Include\10.0.19041.0\um\winsock.h(560): message : 参见“FD_WRITE”的前一个定义
C:\Program Files (x86)\Windows Kits\10\Include\10.0.19041.0\um\winsock2.h(558,1): warning C4005: “FD_OOB”: 宏重定义
C:\Program Files (x86)\Windows Kits\10\Include\10.0.19041.0\um\winsock.h(561): message : 参见“FD_OOB”的前一个定义
C:\Program Files (x86)\Windows Kits\10\Include\10.0.19041.0\um\winsock2.h(561,1): warning C4005: “FD_ACCEPT”: 宏重定义
C:\Program Files (x86)\Windows Kits\10\Include\10.0.19041.0\um\winsock.h(562): message : 参见“FD_ACCEPT”的前一个定义
C:\Program Files (x86)\Windows Kits\10\Include\10.0.19041.0\um\winsock2.h(564,1): warning C4005: “FD_CONNECT”: 宏重定义
C:\Program Files (x86)\Windows Kits\10\Include\10.0.19041.0\um\winsock.h(563): message : 参见“FD_CONNECT”的前一个定义
C:\Program Files (x86)\Windows Kits\10\Include\10.0.19041.0\um\winsock2.h(567,1): warning C4005: “FD_CLOSE”: 宏重定义
C:\Program Files (x86)\Windows Kits\10\Include\10.0.19041.0\um\winsock.h(564): message : 参见“FD_CLOSE”的前一个定义
C:\Program Files (x86)\Windows Kits\10\Include\10.0.19041.0\um\winsock2.h(1625,1): error C2375: “accept”: 重定义；不同的链接
C:\Program Files (x86)\Windows Kits\10\Include\10.0.19041.0\um\winsock.h(739): message : 参见“accept”的声明
C:\Program Files (x86)\Windows Kits\10\Include\10.0.19041.0\um\winsock2.h(1647,1): error C2375: “bind”: 重定义；不同的链接
C:\Program Files (x86)\Windows Kits\10\Include\10.0.19041.0\um\winsock.h(744): message : 参见“bind”的声明
C:\Program Files (x86)\Windows Kits\10\Include\10.0.19041.0\um\winsock2.h(1668,1): error C2375: “closesocket”: 重定义；不同的链接
C:\Program Files (x86)\Windows Kits\10\Include\10.0.19041.0\um\winsock.h(749): message : 参见“closesocket”的声明
C:\Program Files (x86)\Windows Kits\10\Include\10.0.19041.0\um\winsock2.h(1685,1): error C2375: “connect”: 重定义；不同的链接
C:\Program Files (x86)\Windows Kits\10\Include\10.0.19041.0\um\winsock.h(751): message : 参见“connect”的声明
C:\Program Files (x86)\Windows Kits\10\Include\10.0.19041.0\um\winsock2.h(1706,1): error C2375: “ioctlsocket”: 重定义；不同的链接
C:\Program Files (x86)\Windows Kits\10\Include\10.0.19041.0\um\winsock.h(756): message : 参见“ioctlsocket”的声明
C:\Program Files (x86)\Windows Kits\10\Include\10.0.19041.0\um\winsock2.h(1729,1): error C2375: “getpeername”: 重定义；不同的链接
C:\Program Files (x86)\Windows Kits\10\Include\10.0.19041.0\um\winsock.h(761): message : 参见“getpeername”的声明
C:\Program Files (x86)\Windows Kits\10\Include\10.0.19041.0\um\winsock2.h(1750,1): error C2375: “getsockname”: 重定义；不同的链接
C:\Program Files (x86)\Windows Kits\10\Include\10.0.19041.0\um\winsock.h(766): message : 参见“getsockname”的声明
C:\Program Files (x86)\Windows Kits\10\Include\10.0.19041.0\um\winsock2.h(1771,1): error C2375: “getsockopt”: 重定义；不同的链接
C:\Program Files (x86)\Windows Kits\10\Include\10.0.19041.0\um\winsock.h(771): message : 参见“getsockopt”的声明
C:\Program Files (x86)\Windows Kits\10\Include\10.0.19041.0\um\winsock2.h(1796,1): error C2375: “htonl”: 重定义；不同的链接
C:\Program Files (x86)\Windows Kits\10\Include\10.0.19041.0\um\winsock.h(778): message : 参见“htonl”的声明
C:\Program Files (x86)\Windows Kits\10\Include\10.0.19041.0\um\winsock2.h(1813,1): error C2375: “htons”: 重定义；不同的链接
C:\Program Files (x86)\Windows Kits\10\Include\10.0.19041.0\um\winsock.h(780): message : 参见“htons”的声明
C:\Program Files (x86)\Windows Kits\10\Include\10.0.19041.0\um\winsock2.h(1831,1): error C2375: “inet_addr”: 重定义；不同的链接
C:\Program Files (x86)\Windows Kits\10\Include\10.0.19041.0\um\winsock.h(782): message : 参见“inet_addr”的声明
C:\Program Files (x86)\Windows Kits\10\Include\10.0.19041.0\um\winsock2.h(1849,1): error C2375: “inet_ntoa”: 重定义；不同的链接
C:\Program Files (x86)\Windows Kits\10\Include\10.0.19041.0\um\winsock.h(784): message : 参见“inet_ntoa”的声明
C:\Program Files (x86)\Windows Kits\10\Include\10.0.19041.0\um\winsock2.h(1949,1): error C2375: “listen”: 重定义；不同的链接
C:\Program Files (x86)\Windows Kits\10\Include\10.0.19041.0\um\winsock.h(786): message : 参见“listen”的声明
C:\Program Files (x86)\Windows Kits\10\Include\10.0.19041.0\um\winsock2.h(1968,1): error C2375: “ntohl”: 重定义；不同的链接
C:\Program Files (x86)\Windows Kits\10\Include\10.0.19041.0\um\winsock.h(790): message : 参见“ntohl”的声明
C:\Program Files (x86)\Windows Kits\10\Include\10.0.19041.0\um\winsock2.h(1985,1): error C2375: “ntohs”: 重定义；不同的链接
C:\Program Files (x86)\Windows Kits\10\Include\10.0.19041.0\um\winsock.h(792): message : 参见“ntohs”的声明
C:\Program Files (x86)\Windows Kits\10\Include\10.0.19041.0\um\winsock2.h(2002,1): error C2375: “recv”: 重定义；不同的链接
C:\Program Files (x86)\Windows Kits\10\Include\10.0.19041.0\um\winsock.h(794): message : 参见“recv”的声明
C:\Program Files (x86)\Windows Kits\10\Include\10.0.19041.0\um\winsock2.h(2025,1): error C2375: “recvfrom”: 重定义；不同的链接
C:\Program Files (x86)\Windows Kits\10\Include\10.0.19041.0\um\winsock.h(800): message : 参见“recvfrom”的声明
C:\Program Files (x86)\Windows Kits\10\Include\10.0.19041.0\um\winsock2.h(2052,1): error C2375: “select”: 重定义；不同的链接
C:\Program Files (x86)\Windows Kits\10\Include\10.0.19041.0\um\winsock.h(808): message : 参见“select”的声明
C:\Program Files (x86)\Windows Kits\10\Include\10.0.19041.0\um\winsock2.h(2077,1): error C2375: “send”: 重定义；不同的链接
C:\Program Files (x86)\Windows Kits\10\Include\10.0.19041.0\um\winsock.h(815): message : 参见“send”的声明
C:\Program Files (x86)\Windows Kits\10\Include\10.0.19041.0\um\winsock2.h(2100,1): error C2375: “sendto”: 重定义；不同的链接
C:\Program Files (x86)\Windows Kits\10\Include\10.0.19041.0\um\winsock.h(821): message : 参见“sendto”的声明
C:\Program Files (x86)\Windows Kits\10\Include\10.0.19041.0\um\winsock2.h(2127,1): error C2375: “setsockopt”: 重定义；不同的链接
C:\Program Files (x86)\Windows Kits\10\Include\10.0.19041.0\um\winsock.h(829): message : 参见“setsockopt”的声明
C:\Program Files (x86)\Windows Kits\10\Include\10.0.19041.0\um\winsock2.h(2152,1): error C2375: “shutdown”: 重定义；不同的链接
C:\Program Files (x86)\Windows Kits\10\Include\10.0.19041.0\um\winsock.h(836): message : 参见“shutdown”的声明
C:\Program Files (x86)\Windows Kits\10\Include\10.0.19041.0\um\winsock2.h(2172,1): error C2375: “socket”: 重定义；不同的链接
C:\Program Files (x86)\Windows Kits\10\Include\10.0.19041.0\um\winsock.h(840): message : 参见“socket”的声明
C:\Program Files (x86)\Windows Kits\10\Include\10.0.19041.0\um\winsock2.h(2197,1): error C2375: “gethostbyaddr”: 重定义；不同的链接
C:\Program Files (x86)\Windows Kits\10\Include\10.0.19041.0\um\winsock.h(847): message : 参见“gethostbyaddr”的声明
C:\Program Files (x86)\Windows Kits\10\Include\10.0.19041.0\um\winsock2.h(2219,1): error C2375: “gethostbyname”: 重定义；不同的链接
C:\Program Files (x86)\Windows Kits\10\Include\10.0.19041.0\um\winsock.h(852): message : 参见“gethostbyname”的声明
C:\Program Files (x86)\Windows Kits\10\Include\10.0.19041.0\um\winsock2.h(2236,1): error C2375: “gethostname”: 重定义；不同的链接
C:\Program Files (x86)\Windows Kits\10\Include\10.0.19041.0\um\winsock.h(854): message : 参见“gethostname”的声明
C:\Program Files (x86)\Windows Kits\10\Include\10.0.19041.0\um\winsock2.h(2276,1): error C2375: “getservbyport”: 重定义；不同的链接
C:\Program Files (x86)\Windows Kits\10\Include\10.0.19041.0\um\winsock.h(858): message : 参见“getservbyport”的声明
C:\Program Files (x86)\Windows Kits\10\Include\10.0.19041.0\um\winsock2.h(2295,1): error C2375: “getservbyname”: 重定义；不同的链接
C:\Program Files (x86)\Windows Kits\10\Include\10.0.19041.0\um\winsock.h(862): message : 参见“getservbyname”的声明
C:\Program Files (x86)\Windows Kits\10\Include\10.0.19041.0\um\winsock2.h(2314,1): error C2375: “getprotobynumber”: 重定义；不同的链接
C:\Program Files (x86)\Windows Kits\10\Include\10.0.19041.0\um\winsock.h(866): message : 参见“getprotobynumber”的声明
C:\Program Files (x86)\Windows Kits\10\Include\10.0.19041.0\um\winsock2.h(2331,1): error C2375: “getprotobyname”: 重定义；不同的链接
C:\Program Files (x86)\Windows Kits\10\Include\10.0.19041.0\um\winsock.h(868): message : 参见“getprotobyname”的声明
C:\Program Files (x86)\Windows Kits\10\Include\10.0.19041.0\um\winsock2.h(2351,1): error C2375: “WSAStartup”: 重定义；不同的链接
C:\Program Files (x86)\Windows Kits\10\Include\10.0.19041.0\um\winsock.h(872): message : 参见“WSAStartup”的声明
C:\Program Files (x86)\Windows Kits\10\Include\10.0.19041.0\um\winsock2.h(2371,1): error C2375: “WSACleanup”: 重定义；不同的链接
C:\Program Files (x86)\Windows Kits\10\Include\10.0.19041.0\um\winsock.h(876): message : 参见“WSACleanup”的声明
C:\Program Files (x86)\Windows Kits\10\Include\10.0.19041.0\um\winsock2.h(2388,1): error C2375: “WSASetLastError”: 重定义；不同的链接
C:\Program Files (x86)\Windows Kits\10\Include\10.0.19041.0\um\winsock.h(878): message : 参见“WSASetLastError”的声明
C:\Program Files (x86)\Windows Kits\10\Include\10.0.19041.0\um\winsock2.h(2405,1): error C2375: “WSAGetLastError”: 重定义；不同的链接
C:\Program Files (x86)\Windows Kits\10\Include\10.0.19041.0\um\winsock.h(880): message : 参见“WSAGetLastError”的声明
C:\Program Files (x86)\Windows Kits\10\Include\10.0.19041.0\um\winsock2.h(2426,1): error C2375: “WSAIsBlocking”: 重定义；不同的链接
C:\Program Files (x86)\Windows Kits\10\Include\10.0.19041.0\um\winsock.h(882): message : 参见“WSAIsBlocking”的声明
C:\Program Files (x86)\Windows Kits\10\Include\10.0.19041.0\um\winsock2.h(2444,1): error C2375: “WSAUnhookBlockingHook”: 重定义；不同的链接
C:\Program Files (x86)\Windows Kits\10\Include\10.0.19041.0\um\winsock.h(884): message : 参见“WSAUnhookBlockingHook”的声明
C:\Program Files (x86)\Windows Kits\10\Include\10.0.19041.0\um\winsock2.h(2462,1): error C2375: “WSASetBlockingHook”: 重定义；不同的链接
C:\Program Files (x86)\Windows Kits\10\Include\10.0.19041.0\um\winsock.h(886): message : 参见“WSASetBlockingHook”的声明
C:\Program Files (x86)\Windows Kits\10\Include\10.0.19041.0\um\winsock2.h(2480,1): error C2375: “WSACancelBlockingCall”: 重定义；不同的链接
C:\Program Files (x86)\Windows Kits\10\Include\10.0.19041.0\um\winsock.h(888): message : 参见“WSACancelBlockingCall”的声明
C:\Program Files (x86)\Windows Kits\10\Include\10.0.19041.0\um\winsock2.h(2498,1): error C2375: “WSAAsyncGetServByName”: 重定义；不同的链接
C:\Program Files (x86)\Windows Kits\10\Include\10.0.19041.0\um\winsock.h(890): message : 参见“WSAAsyncGetServByName”的声明
C:\Program Files (x86)\Windows Kits\10\Include\10.0.19041.0\um\winsock2.h(2526,1): error C2375: “WSAAsyncGetServByPort”: 重定义；不同的链接
C:\Program Files (x86)\Windows Kits\10\Include\10.0.19041.0\um\winsock.h(898): message : 参见“WSAAsyncGetServByPort”的声明
C:\Program Files (x86)\Windows Kits\10\Include\10.0.19041.0\um\winsock2.h(2554,1): error C2375: “WSAAsyncGetProtoByName”: 重定义；不同的链接
C:\Program Files (x86)\Windows Kits\10\Include\10.0.19041.0\um\winsock.h(906): message : 参见“WSAAsyncGetProtoByName”的声明
C:\Program Files (x86)\Windows Kits\10\Include\10.0.19041.0\um\winsock2.h(2580,1): error C2375: “WSAAsyncGetProtoByNumber”: 重定义；不同的链接
C:\Program Files (x86)\Windows Kits\10\Include\10.0.19041.0\um\winsock.h(913): message : 参见“WSAAsyncGetProtoByNumber”的声明
C:\Program Files (x86)\Windows Kits\10\Include\10.0.19041.0\um\winsock2.h(2606,1): error C2375: “WSAAsyncGetHostByName”: 重定义；不同的链接
C:\Program Files (x86)\Windows Kits\10\Include\10.0.19041.0\um\winsock.h(920): message : 参见“WSAAsyncGetHostByName”的声明
C:\Program Files (x86)\Windows Kits\10\Include\10.0.19041.0\um\winsock2.h(2632,1): error C2375: “WSAAsyncGetHostByAddr”: 重定义；不同的链接
C:\Program Files (x86)\Windows Kits\10\Include\10.0.19041.0\um\winsock.h(927): message : 参见“WSAAsyncGetHostByAddr”的声明
C:\Program Files (x86)\Windows Kits\10\Include\10.0.19041.0\um\winsock2.h(2662,1): error C2375: “WSACancelAsyncRequest”: 重定义；不同的链接
C:\Program Files (x86)\Windows Kits\10\Include\10.0.19041.0\um\winsock.h(936): message : 参见“WSACancelAsyncRequest”的声明
C:\Program Files (x86)\Windows Kits\10\Include\10.0.19041.0\um\winsock2.h(2680,1): error C2375: “WSAAsyncSelect”: 重定义；不同的链接
C:\Program Files (x86)\Windows Kits\10\Include\10.0.19041.0\um\winsock.h(938): message : 参见“WSAAsyncSelect”的声明
C:\Program Files (x86)\Windows Kits\10\Include\10.0.19041.0\um\winsock2.h(4206,1): error C2059: 语法错误:“}”
C:\Program Files (x86)\Windows Kits\10\Include\10.0.19041.0\um\winsock2.h(4206,1): error C2143: 语法错误: 缺少“;”(在“}”的前面)
C:\Program Files (x86)\Windows Kits\10\Include\10.0.19041.0\shared\ws2ipdef.h(42,12): error C2143: 语法错误: 缺少“;”(在“{”的前面)
C:\Program Files (x86)\Windows Kits\10\Include\10.0.19041.0\shared\ws2ipdef.h(42,12): error C2447: “{”: 缺少函数标题(是否是老式的形式表?)
C:\Program Files (x86)\Windows Kits\10\Include\10.0.19041.0\shared\ws2ipdef.h(135,1): warning C4005: “IP_TOS”: 宏重定义
C:\Program Files (x86)\Windows Kits\10\Include\10.0.19041.0\um\winsock.h(349): message : 参见“IP_TOS”的前一个定义
C:\Program Files (x86)\Windows Kits\10\Include\10.0.19041.0\shared\ws2ipdef.h(136,1): warning C4005: “IP_TTL”: 宏重定义
C:\Program Files (x86)\Windows Kits\10\Include\10.0.19041.0\um\winsock.h(348): message : 参见“IP_TTL”的前一个定义
C:\Program Files (x86)\Windows Kits\10\Include\10.0.19041.0\shared\ws2ipdef.h(137,1): warning C4005: “IP_MULTICAST_IF”: 宏重定义
C:\Program Files (x86)\Windows Kits\10\Include\10.0.19041.0\um\winsock.h(343): message : 参见“IP_MULTICAST_IF”的前一个定义
C:\Program Files (x86)\Windows Kits\10\Include\10.0.19041.0\shared\ws2ipdef.h(138,1): warning C4005: “IP_MULTICAST_TTL”: 宏重定义
C:\Program Files (x86)\Windows Kits\10\Include\10.0.19041.0\um\winsock.h(344): message : 参见“IP_MULTICAST_TTL”的前一个定义
C:\Program Files (x86)\Windows Kits\10\Include\10.0.19041.0\shared\ws2ipdef.h(139,1): warning C4005: “IP_MULTICAST_LOOP”: 宏重定义
C:\Program Files (x86)\Windows Kits\10\Include\10.0.19041.0\um\winsock.h(345): message : 参见“IP_MULTICAST_LOOP”的前一个定义
C:\Program Files (x86)\Windows Kits\10\Include\10.0.19041.0\shared\ws2ipdef.h(140,1): warning C4005: “IP_ADD_MEMBERSHIP”: 宏重定义
C:\Program Files (x86)\Windows Kits\10\Include\10.0.19041.0\um\winsock.h(346): message : 参见“IP_ADD_MEMBERSHIP”的前一个定义
C:\Program Files (x86)\Windows Kits\10\Include\10.0.19041.0\shared\ws2ipdef.h(141,1): warning C4005: “IP_DROP_MEMBERSHIP”: 宏重定义
C:\Program Files (x86)\Windows Kits\10\Include\10.0.19041.0\um\winsock.h(347): message : 参见“IP_DROP_MEMBERSHIP”的前一个定义
C:\Program Files (x86)\Windows Kits\10\Include\10.0.19041.0\shared\ws2ipdef.h(142,1): warning C4005: “IP_DONTFRAGMENT”: 宏重定义
C:\Program Files (x86)\Windows Kits\10\Include\10.0.19041.0\um\winsock.h(350): message : 参见“IP_DONTFRAGMENT”的前一个定义
C:\Program Files (x86)\Windows Kits\10\Include\10.0.19041.0\um\ws2tcpip.h(733,10): error C2061: 语法错误: 标识符“MULTICAST_MODE_TYPE”
C:\Program Files (x86)\Windows Kits\10\Include\10.0.19041.0\um\ws2tcpip.h(740,5): error C2065: “PIP_MSFILTER”: 未声明的标识符
C:\Program Files (x86)\Windows Kits\10\Include\10.0.19041.0\um\ws2tcpip.h(740,18): error C2146: 语法错误: 缺少“;”(在标识符“Filter”的前面)
C:\Program Files (x86)\Windows Kits\10\Include\10.0.19041.0\um\ws2tcpip.h(740,18): error C2065: “Filter”: 未声明的标识符
C:\Program Files (x86)\Windows Kits\10\Include\10.0.19041.0\um\ws2tcpip.h(742,9): error C2065: “SourceCount”: 未声明的标识符
C:\Program Files (x86)\Windows Kits\10\Include\10.0.19041.0\um\ws2tcpip.h(743,40): error C2065: “Filter”: 未声明的标识符
C:\Program Files (x86)\Windows Kits\10\Include\10.0.19041.0\um\ws2tcpip.h(743,60): error C2065: “SourceList”: 未声明的标识符
C:\Program Files (x86)\Windows Kits\10\Include\10.0.19041.0\um\ws2tcpip.h(744,9): error C2065: “WSASetLastError”: 未声明的标识符
C:\Program Files (x86)\Windows Kits\10\Include\10.0.19041.0\um\ws2tcpip.h(748,12): error C2065: “IP_MSFILTER”: 未声明的标识符
C:\Program Files (x86)\Windows Kits\10\Include\10.0.19041.0\um\ws2tcpip.h(748,12): error C2065: “SourceCount”: 未声明的标识符
C:\Program Files (x86)\Windows Kits\10\Include\10.0.19041.0\um\ws2tcpip.h(749,5): error C2065: “Filter”: 未声明的标识符
C:\Program Files (x86)\Windows Kits\10\Include\10.0.19041.0\um\ws2tcpip.h(749,15): error C2065: “PIP_MSFILTER”: 未声明的标识符
C:\Program Files (x86)\Windows Kits\10\Include\10.0.19041.0\um\ws2tcpip.h(749,29): error C2146: 语法错误: 缺少“;”(在标识符“HeapAlloc”的前面)
C:\Program Files (x86)\Windows Kits\10\Include\10.0.19041.0\um\ws2tcpip.h(750,9): error C2065: “Filter”: 未声明的标识符
C:\Program Files (x86)\Windows Kits\10\Include\10.0.19041.0\um\ws2tcpip.h(751,9): error C2065: “WSASetLastError”: 未声明的标识符
C:\Program Files (x86)\Windows Kits\10\Include\10.0.19041.0\um\ws2tcpip.h(755,5): error C2065: “Filter”: 未声明的标识符
C:\Program Files (x86)\Windows Kits\10\Include\10.0.19041.0\um\ws2tcpip.h(756,5): error C2065: “Filter”: 未声明的标识符
C:\Program Files (x86)\Windows Kits\10\Include\10.0.19041.0\um\ws2tcpip.h(757,5): error C2065: “Filter”: 未声明的标识符
C:\Program Files (x86)\Windows Kits\10\Include\10.0.19041.0\um\ws2tcpip.h(757,26): error C2065: “FilterMode”: 未声明的标识符
C:\Program Files (x86)\Windows Kits\10\Include\10.0.19041.0\um\ws2tcpip.h(758,5): error C2065: “Filter”: 未声明的标识符
C:\Program Files (x86)\Windows Kits\10\Include\10.0.19041.0\um\ws2tcpip.h(758,27): error C2065: “SourceCount”: 未声明的标识符
C:\Program Files (x86)\Windows Kits\10\Include\10.0.19041.0\um\ws2tcpip.h(759,9): error C2065: “SourceCount”: 未声明的标识符
C:\Program Files (x86)\Windows Kits\10\Include\10.0.19041.0\um\ws2tcpip.h(760,1): error C2065: “Filter”: 未声明的标识符
C:\Program Files (x86)\Windows Kits\10\Include\10.0.19041.0\um\ws2tcpip.h(760,1): error C2065: “SourceList”: 未声明的标识符
C:\Program Files (x86)\Windows Kits\10\Include\10.0.19041.0\um\ws2tcpip.h(760,1): error C2065: “SourceCount”: 未声明的标识符
C:\Program Files (x86)\Windows Kits\10\Include\10.0.19041.0\um\ws2tcpip.h(760,1): error C2660: “memcpy”: 函数不接受 2 个参数
C:\Program Files (x86)\Microsoft Visual Studio\2019\Community\VC\Tools\MSVC\14.29.30133\include\vcruntime_string.h(43,15): message : 参见“memcpy”的声明
C:\Program Files (x86)\Windows Kits\10\Include\10.0.19041.0\um\ws2tcpip.h(764,47): error C2065: “Filter”: 未声明的标识符
C:\Program Files (x86)\Windows Kits\10\Include\10.0.19041.0\um\ws2tcpip.h(767,35): error C2065: “Filter”: 未声明的标识符
C:\Program Files (x86)\Windows Kits\10\Include\10.0.19041.0\um\ws2tcpip.h(779,11): error C2061: 语法错误: 标识符“MULTICAST_MODE_TYPE”
C:\Program Files (x86)\Windows Kits\10\Include\10.0.19041.0\um\ws2tcpip.h(786,5): error C2065: “PIP_MSFILTER”: 未声明的标识符
C:\Program Files (x86)\Windows Kits\10\Include\10.0.19041.0\um\ws2tcpip.h(786,18): error C2146: 语法错误: 缺少“;”(在标识符“Filter”的前面)
C:\Program Files (x86)\Windows Kits\10\Include\10.0.19041.0\um\ws2tcpip.h(786,18): error C2065: “Filter”: 未声明的标识符
C:\Program Files (x86)\Windows Kits\10\Include\10.0.19041.0\um\ws2tcpip.h(788,10): error C2065: “SourceCount”: 未声明的标识符
C:\Program Files (x86)\Windows Kits\10\Include\10.0.19041.0\um\ws2tcpip.h(789,40): error C2065: “Filter”: 未声明的标识符
C:\Program Files (x86)\Windows Kits\10\Include\10.0.19041.0\um\ws2tcpip.h(789,60): error C2065: “SourceList”: 未声明的标识符
C:\Program Files (x86)\Windows Kits\10\Include\10.0.19041.0\um\ws2tcpip.h(790,9): error C2065: “WSASetLastError”: 未声明的标识符
C:\Program Files (x86)\Windows Kits\10\Include\10.0.19041.0\um\ws2tcpip.h(794,12): error C2065: “IP_MSFILTER”: 未声明的标识符
C:\Program Files (x86)\Windows Kits\10\Include\10.0.19041.0\um\ws2tcpip.h(794,12): fatal error C1003: 错误计数超过 100；正在停止编译
